::1 - - [12/Sep/2018:17:45:29 -0400] "GET / HTTP/1.1" 500 128382
::1 - - [12/Sep/2018:17:45:30 -0400] "GET /favicon.ico HTTP/1.1" 200 -
::1 - - [12/Sep/2018:17:52:02 -0400] "GET / HTTP/1.1" 500 128650
::1 - - [12/Sep/2018:17:52:03 -0400] "GET /favicon.ico HTTP/1.1" 200 -
::1 - - [12/Sep/2018:17:53:08 -0400] "GET / HTTP/1.1" 500 128924
::1 - - [12/Sep/2018:17:53:09 -0400] "GET /favicon.ico HTTP/1.1" 200 -
::1 - - [13/Sep/2018:09:45:12 -0400] "GET / HTTP/1.1" 500 126550
::1 - - [13/Sep/2018:09:45:16 -0400] "GET /favicon.ico HTTP/1.1" 200 -
::1 - - [13/Sep/2018:09:45:58 -0400] "GET / HTTP/1.1" 500 128666
::1 - - [13/Sep/2018:09:45:59 -0400] "GET /favicon.ico HTTP/1.1" 200 -
::1 - - [13/Sep/2018:09:46:47 -0400] "GET / HTTP/1.1" 500 128669
::1 - - [13/Sep/2018:09:46:48 -0400] "GET /favicon.ico HTTP/1.1" 200 -
::1 - - [13/Sep/2018:09:47:37 -0400] "GET / HTTP/1.1" 500 128688
::1 - - [13/Sep/2018:09:47:38 -0400] "GET /favicon.ico HTTP/1.1" 200 -
::1 - - [13/Sep/2018:09:48:27 -0400] "GET / HTTP/1.1" 500 128902
::1 - - [13/Sep/2018:09:48:28 -0400] "GET /favicon.ico HTTP/1.1" 200 -
::1 - - [13/Sep/2018:09:48:51 -0400] "GET / HTTP/1.1" 500 128674
::1 - - [13/Sep/2018:09:48:52 -0400] "GET /favicon.ico HTTP/1.1" 200 -
::1 - - [14/Sep/2018:16:53:19 -0400] "GET / HTTP/1.1" 500 126285
::1 - - [14/Sep/2018:16:53:25 -0400] "GET /favicon.ico HTTP/1.1" 304 -
::1 - - [14/Sep/2018:16:54:13 -0400] "GET / HTTP/1.1" 200 4688
::1 - - [14/Sep/2018:16:54:14 -0400] "GET /favicon.ico HTTP/1.1" 200 -
::1 - - [14/Sep/2018:16:54:39 -0400] "GET / HTTP/1.1" 200 4674
::1 - - [14/Sep/2018:16:54:39 -0400] "GET /favicon.ico HTTP/1.1" 200 -
::1 - - [14/Sep/2018:16:54:46 -0400] "GET / HTTP/1.1" 200 4674
::1 - - [14/Sep/2018:16:54:46 -0400] "GET /favicon.ico HTTP/1.1" 200 -
::1 - - [14/Sep/2018:16:54:59 -0400] "GET / HTTP/1.1" 200 4674
::1 - - [14/Sep/2018:16:54:59 -0400] "GET /favicon.ico HTTP/1.1" 200 -
::1 - - [14/Sep/2018:16:55:01 -0400] "GET / HTTP/1.1" 200 4674
::1 - - [14/Sep/2018:16:55:02 -0400] "GET /favicon.ico HTTP/1.1" 200 -
::1 - - [14/Sep/2018:16:55:02 -0400] "GET / HTTP/1.1" 200 4674
::1 - - [14/Sep/2018:16:55:03 -0400] "GET /favicon.ico HTTP/1.1" 200 -
::1 - - [14/Sep/2018:16:55:03 -0400] "GET / HTTP/1.1" 200 4674
::1 - - [14/Sep/2018:16:55:03 -0400] "GET /favicon.ico HTTP/1.1" 200 -
::1 - - [14/Sep/2018:16:55:40 -0400] "GET / HTTP/1.1" 200 4674
::1 - - [14/Sep/2018:16:55:41 -0400] "GET /favicon.ico HTTP/1.1" 200 -
::1 - - [14/Sep/2018:16:56:12 -0400] "GET / HTTP/1.1" 200 4680
::1 - - [14/Sep/2018:16:56:12 -0400] "GET /favicon.ico HTTP/1.1" 200 -
::1 - - [14/Sep/2018:16:56:33 -0400] "GET / HTTP/1.1" 200 4680
::1 - - [14/Sep/2018:16:57:42 -0400] "GET / HTTP/1.1" 200 4680
::1 - - [14/Sep/2018:16:57:43 -0400] "GET /favicon.ico HTTP/1.1" 200 -
::1 - - [14/Sep/2018:16:57:47 -0400] "GET / HTTP/1.1" 200 4680
::1 - - [14/Sep/2018:16:57:47 -0400] "GET /favicon.ico HTTP/1.1" 200 -
::1 - - [14/Sep/2018:16:57:47 -0400] "GET / HTTP/1.1" 200 4680
::1 - - [14/Sep/2018:16:57:48 -0400] "GET /favicon.ico HTTP/1.1" 200 -
::1 - - [14/Sep/2018:16:57:48 -0400] "GET / HTTP/1.1" 200 4680
::1 - - [14/Sep/2018:16:57:48 -0400] "GET /favicon.ico HTTP/1.1" 200 -
::1 - - [14/Sep/2018:16:59:44 -0400] "GET / HTTP/1.1" 500 585710
::1 - - [14/Sep/2018:16:59:44 -0400] "GET / HTTP/1.1" 500 567391
::1 - - [14/Sep/2018:16:59:46 -0400] "GET /favicon.ico HTTP/1.1" 200 -
::1 - - [14/Sep/2018:17:00:17 -0400] "GET / HTTP/1.1" 200 4680
::1 - - [14/Sep/2018:17:00:18 -0400] "GET /favicon.ico HTTP/1.1" 200 -
::1 - - [14/Sep/2018:17:01:29 -0400] "GET / HTTP/1.1" 200 3529
::1 - - [14/Sep/2018:17:01:30 -0400] "GET /plugins/jQuery/jquery-2.2.3.min.js HTTP/1.1" 404 1472
::1 - - [14/Sep/2018:17:01:30 -0400] "GET /bootstrap/js/bootstrap.min.js HTTP/1.1" 404 1472
::1 - - [14/Sep/2018:17:01:30 -0400] "GET /plugins/iCheck/square/blue.css HTTP/1.1" 404 1472
::1 - - [14/Sep/2018:17:01:29 -0400] "GET /bootstrap/css/bootstrap.min.css HTTP/1.1" 404 1472
::1 - - [14/Sep/2018:17:01:29 -0400] "GET /dist/css/AdminLTE.min.css HTTP/1.1" 404 1472
::1 - - [14/Sep/2018:17:01:30 -0400] "GET /plugins/iCheck/icheck.min.js HTTP/1.1" 404 1472
::1 - - [14/Sep/2018:17:01:31 -0400] "GET /bootstrap/js/bootstrap.min.js HTTP/1.1" 404 1472
::1 - - [14/Sep/2018:17:01:31 -0400] "GET /plugins/iCheck/icheck.min.js HTTP/1.1" 404 1472
::1 - - [14/Sep/2018:17:01:31 -0400] "GET /favicon.ico HTTP/1.1" 200 -
::1 - - [14/Sep/2018:17:16:37 -0400] "GET / HTTP/1.1" 200 3529
::1 - - [14/Sep/2018:17:16:37 -0400] "GET /bootstrap/css/bootstrap.min.css HTTP/1.1" 404 1472
::1 - - [14/Sep/2018:17:16:37 -0400] "GET /plugins/jQuery/jquery-2.2.3.min.js HTTP/1.1" 404 1472
::1 - - [14/Sep/2018:17:16:37 -0400] "GET /dist/css/AdminLTE.min.css HTTP/1.1" 404 1472
::1 - - [14/Sep/2018:17:16:37 -0400] "GET /plugins/iCheck/square/blue.css HTTP/1.1" 404 1472
::1 - - [14/Sep/2018:17:16:37 -0400] "GET /plugins/iCheck/icheck.min.js HTTP/1.1" 404 1472
::1 - - [14/Sep/2018:17:16:37 -0400] "GET /bootstrap/js/bootstrap.min.js HTTP/1.1" 404 1472
::1 - - [14/Sep/2018:17:16:38 -0400] "GET /plugins/iCheck/icheck.min.js HTTP/1.1" 404 1472
::1 - - [14/Sep/2018:17:16:39 -0400] "GET /favicon.ico HTTP/1.1" 200 -
::1 - - [14/Sep/2018:17:45:54 -0400] "GET / HTTP/1.1" 200 3529
::1 - - [14/Sep/2018:17:45:55 -0400] "GET /bootstrap/css/bootstrap.min.css HTTP/1.1" 404 1472
::1 - - [14/Sep/2018:17:45:55 -0400] "GET /bootstrap/js/bootstrap.min.js HTTP/1.1" 404 1472
::1 - - [14/Sep/2018:17:45:55 -0400] "GET /dist/css/AdminLTE.min.css HTTP/1.1" 404 1472
::1 - - [14/Sep/2018:17:45:55 -0400] "GET /plugins/iCheck/icheck.min.js HTTP/1.1" 404 1472
::1 - - [14/Sep/2018:17:45:55 -0400] "GET /plugins/iCheck/square/blue.css HTTP/1.1" 404 1472
::1 - - [14/Sep/2018:17:45:55 -0400] "GET /plugins/jQuery/jquery-2.2.3.min.js HTTP/1.1" 404 1472
::1 - - [14/Sep/2018:17:45:56 -0400] "GET /bootstrap/js/bootstrap.min.js HTTP/1.1" 404 1472
::1 - - [14/Sep/2018:17:45:57 -0400] "GET /plugins/iCheck/icheck.min.js HTTP/1.1" 404 1472
::1 - - [14/Sep/2018:17:45:57 -0400] "GET /favicon.ico HTTP/1.1" 200 -
::1 - - [14/Sep/2018:17:51:39 -0400] "GET / HTTP/1.1" 200 3529
::1 - - [14/Sep/2018:17:51:39 -0400] "GET /bootstrap/css/bootstrap.min.css HTTP/1.1" 404 1472
::1 - - [14/Sep/2018:17:51:39 -0400] "GET /bootstrap/js/bootstrap.min.js HTTP/1.1" 404 1472
::1 - - [14/Sep/2018:17:51:39 -0400] "GET /plugins/jQuery/jquery-2.2.3.min.js HTTP/1.1" 404 1472
::1 - - [14/Sep/2018:17:51:39 -0400] "GET /dist/css/AdminLTE.min.css HTTP/1.1" 404 1472
::1 - - [14/Sep/2018:17:51:39 -0400] "GET /plugins/iCheck/icheck.min.js HTTP/1.1" 404 1472
::1 - - [14/Sep/2018:17:51:39 -0400] "GET /plugins/iCheck/square/blue.css HTTP/1.1" 404 1472
::1 - - [14/Sep/2018:17:51:40 -0400] "GET /bootstrap/js/bootstrap.min.js HTTP/1.1" 404 1472
::1 - - [14/Sep/2018:17:51:41 -0400] "GET /plugins/iCheck/icheck.min.js HTTP/1.1" 404 1472
::1 - - [14/Sep/2018:17:51:41 -0400] "GET /favicon.ico HTTP/1.1" 200 -
::1 - - [14/Sep/2018:17:58:39 -0400] "GET / HTTP/1.1" 200 3529
::1 - - [14/Sep/2018:17:58:40 -0400] "GET /bootstrap/css/bootstrap.min.css HTTP/1.1" 404 1472
::1 - - [14/Sep/2018:17:58:40 -0400] "GET /plugins/jQuery/jquery-2.2.3.min.js HTTP/1.1" 404 1472
::1 - - [14/Sep/2018:17:58:40 -0400] "GET /plugins/iCheck/icheck.min.js HTTP/1.1" 404 1472
::1 - - [14/Sep/2018:17:58:40 -0400] "GET /dist/css/AdminLTE.min.css HTTP/1.1" 404 1472
::1 - - [14/Sep/2018:17:58:40 -0400] "GET /bootstrap/js/bootstrap.min.js HTTP/1.1" 404 1472
::1 - - [14/Sep/2018:17:58:40 -0400] "GET /plugins/iCheck/square/blue.css HTTP/1.1" 404 1472
::1 - - [14/Sep/2018:17:58:41 -0400] "GET /bootstrap/js/bootstrap.min.js HTTP/1.1" 404 1472
::1 - - [14/Sep/2018:17:58:41 -0400] "GET /plugins/iCheck/icheck.min.js HTTP/1.1" 404 1472
::1 - - [14/Sep/2018:17:58:42 -0400] "GET /favicon.ico HTTP/1.1" 200 -
::1 - - [14/Sep/2018:17:58:43 -0400] "GET / HTTP/1.1" 200 3529
::1 - - [14/Sep/2018:17:58:43 -0400] "GET /dist/css/AdminLTE.min.css HTTP/1.1" 404 1472
::1 - - [14/Sep/2018:17:58:43 -0400] "GET /bootstrap/css/bootstrap.min.css HTTP/1.1" 404 1472
::1 - - [14/Sep/2018:17:58:44 -0400] "GET /plugins/iCheck/square/blue.css HTTP/1.1" 404 1472
::1 - - [14/Sep/2018:17:58:44 -0400] "GET /plugins/jQuery/jquery-2.2.3.min.js HTTP/1.1" 404 1472
::1 - - [14/Sep/2018:17:58:44 -0400] "GET /bootstrap/js/bootstrap.min.js HTTP/1.1" 404 1472
::1 - - [14/Sep/2018:17:58:44 -0400] "GET /plugins/iCheck/icheck.min.js HTTP/1.1" 404 1472
::1 - - [14/Sep/2018:18:06:06 -0400] "GET / HTTP/1.1" 200 3477
::1 - - [14/Sep/2018:18:06:07 -0400] "GET /js/jquery-2.2.3.min.js HTTP/1.1" 200 85659
::1 - - [14/Sep/2018:18:06:07 -0400] "GET /js/icheck.min.js HTTP/1.1" 200 4516
::1 - - [14/Sep/2018:18:06:07 -0400] "GET /bootstrap/css/bootstrap.min.css HTTP/1.1" 404 1472
::1 - - [14/Sep/2018:18:06:07 -0400] "GET /js/bootstrap.min.js HTTP/1.1" 200 37045
::1 - - [14/Sep/2018:18:06:07 -0400] "GET /dist/css/AdminLTE.min.css HTTP/1.1" 404 1472
::1 - - [14/Sep/2018:18:06:07 -0400] "GET /plugins/iCheck/square/blue.css HTTP/1.1" 404 1472
::1 - - [14/Sep/2018:18:06:07 -0400] "GET /favicon.ico HTTP/1.1" 200 -
::1 - - [14/Sep/2018:18:07:35 -0400] "GET / HTTP/1.1" 200 3434
::1 - - [14/Sep/2018:18:07:35 -0400] "GET /css/bootstrap.min.css HTTP/1.1" 200 121200
::1 - - [14/Sep/2018:18:07:35 -0400] "GET /css/AdminLTE.min.css HTTP/1.1" 200 90283
::1 - - [14/Sep/2018:18:07:35 -0400] "GET /css/square/blue.css HTTP/1.1" 200 1611
::1 - - [14/Sep/2018:18:07:36 -0400] "GET /css/square/blue.png HTTP/1.1" 200 2185
::1 - - [14/Sep/2018:18:07:36 -0400] "GET /fonts/glyphicons-halflings-regular.woff2 HTTP/1.1" 404 1472
::1 - - [14/Sep/2018:18:07:36 -0400] "GET /fonts/glyphicons-halflings-regular.woff HTTP/1.1" 404 1472
::1 - - [14/Sep/2018:18:07:36 -0400] "GET /fonts/glyphicons-halflings-regular.ttf HTTP/1.1" 404 1472
::1 - - [14/Sep/2018:18:07:37 -0400] "GET /favicon.ico HTTP/1.1" 200 -
::1 - - [15/Sep/2018:00:38:51 -0400] "GET / HTTP/1.1" 200 3434
::1 - - [15/Sep/2018:00:38:55 -0400] "GET /fonts/glyphicons-halflings-regular.woff2 HTTP/1.1" 404 1472
::1 - - [15/Sep/2018:00:38:56 -0400] "GET /fonts/glyphicons-halflings-regular.woff HTTP/1.1" 404 1472
::1 - - [15/Sep/2018:00:38:56 -0400] "GET /fonts/glyphicons-halflings-regular.ttf HTTP/1.1" 404 1472
::1 - - [15/Sep/2018:00:56:07 -0400] "GET / HTTP/1.1" 200 3434
::1 - - [15/Sep/2018:00:56:07 -0400] "GET /css/bootstrap.min.css HTTP/1.1" 200 121200
::1 - - [15/Sep/2018:00:56:09 -0400] "GET /fonts/glyphicons-halflings-regular.woff2 HTTP/1.1" 404 1472
::1 - - [15/Sep/2018:00:56:10 -0400] "GET /fonts/glyphicons-halflings-regular.woff HTTP/1.1" 404 1472
::1 - - [15/Sep/2018:00:56:10 -0400] "GET /fonts/glyphicons-halflings-regular.ttf HTTP/1.1" 404 1472
::1 - - [15/Sep/2018:00:56:10 -0400] "GET /favicon.ico HTTP/1.1" 200 -
::1 - - [15/Sep/2018:00:56:14 -0400] "GET / HTTP/1.1" 200 3434
::1 - - [15/Sep/2018:00:56:15 -0400] "GET /fonts/glyphicons-halflings-regular.woff2 HTTP/1.1" 404 1472
::1 - - [15/Sep/2018:00:56:15 -0400] "GET /fonts/glyphicons-halflings-regular.woff HTTP/1.1" 404 1472
::1 - - [15/Sep/2018:00:56:15 -0400] "GET /fonts/glyphicons-halflings-regular.ttf HTTP/1.1" 404 1472
::1 - - [15/Sep/2018:00:56:15 -0400] "GET /favicon.ico HTTP/1.1" 200 -
::1 - - [15/Sep/2018:00:58:18 -0400] "GET / HTTP/1.1" 200 5218
::1 - - [15/Sep/2018:00:58:19 -0400] "GET /favicon.ico HTTP/1.1" 200 -
::1 - - [15/Sep/2018:00:58:22 -0400] "GET /login HTTP/1.1" 200 4740
::1 - - [15/Sep/2018:00:58:23 -0400] "GET /css/app.css HTTP/1.1" 200 156570
::1 - - [15/Sep/2018:00:58:23 -0400] "GET /js/app.js HTTP/1.1" 200 333363
::1 - - [15/Sep/2018:01:08:42 -0400] "GET /register HTTP/1.1" 200 4840
::1 - - [15/Sep/2018:01:08:45 -0400] "GET /login HTTP/1.1" 200 4740
::1 - - [15/Sep/2018:01:08:50 -0400] "GET /register HTTP/1.1" 200 4840
::1 - - [15/Sep/2018:01:08:58 -0400] "GET /login HTTP/1.1" 200 4740
::1 - - [15/Sep/2018:01:45:29 -0400] "GET /register HTTP/1.1" 200 4840
::1 - - [15/Sep/2018:01:46:25 -0400] "POST /register HTTP/1.1" 302 344
::1 - - [15/Sep/2018:01:46:28 -0400] "GET /home HTTP/1.1" 200 3401
::1 - - [15/Sep/2018:01:46:40 -0400] "POST /logout HTTP/1.1" 302 324
::1 - - [15/Sep/2018:01:46:41 -0400] "GET / HTTP/1.1" 200 5218
::1 - - [15/Sep/2018:01:46:47 -0400] "GET /register HTTP/1.1" 200 4840
::1 - - [15/Sep/2018:01:46:51 -0400] "GET /login HTTP/1.1" 200 4740
::1 - - [15/Sep/2018:01:47:08 -0400] "POST /login HTTP/1.1" 302 344
::1 - - [15/Sep/2018:01:47:09 -0400] "GET /home HTTP/1.1" 200 3401
::1 - - [15/Sep/2018:01:47:16 -0400] "POST /logout HTTP/1.1" 302 324
::1 - - [15/Sep/2018:01:47:17 -0400] "GET / HTTP/1.1" 200 5218
::1 - - [15/Sep/2018:01:47:21 -0400] "GET /login HTTP/1.1" 200 4740
::1 - - [15/Sep/2018:01:47:24 -0400] "GET /register HTTP/1.1" 200 4840
::1 - - [15/Sep/2018:01:47:50 -0400] "POST /register HTTP/1.1" 302 344
::1 - - [15/Sep/2018:01:47:50 -0400] "GET /home HTTP/1.1" 200 3400
::1 - - [15/Sep/2018:02:00:44 -0400] "GET / HTTP/1.1" 200 5060
::1 - - [15/Sep/2018:02:00:48 -0400] "GET /home HTTP/1.1" 200 3400
::1 - - [15/Sep/2018:02:00:53 -0400] "POST /logout HTTP/1.1" 302 324
::1 - - [15/Sep/2018:02:00:55 -0400] "GET / HTTP/1.1" 200 5218
::1 - - [15/Sep/2018:02:00:58 -0400] "GET /login HTTP/1.1" 200 4740
::1 - - [15/Sep/2018:02:01:29 -0400] "POST /login HTTP/1.1" 302 344
::1 - - [15/Sep/2018:02:01:29 -0400] "GET /home HTTP/1.1" 200 3401
::1 - - [15/Sep/2018:02:01:34 -0400] "POST /logout HTTP/1.1" 302 324
::1 - - [15/Sep/2018:02:01:35 -0400] "GET / HTTP/1.1" 200 5218
